number,value,datetime_start,datetime_complete,duration,params_colsample_bytree,params_gamma,params_learning_rate,params_max_depth,params_min_child_weight,params_n_estimators,params_reg_lambda,params_subsample,system_attrs_fixed_params,system_attrs_tpe:relative_params:0,state
47,0.8088681751779226,2026-09-21 14:52:16.315006,2026-09-21 14:52:18.253355,0 days 00:00:01.938349,0.6946745864424269,1.1911010888077918,0.036733891885669084,4,8.006816251425011,350,0.20803315918253326,0.9493178415872655,,"{""colsample_bytree"": 0.6946745864424269, ""gamma"": 1.1911010888077918, ""learning_rate"": 0.036733891885669084, ""max_depth"": 4, ""min_child_weight"": 8.006816251425011, ""n_estimators"": 350, ""reg_lambda"": 0.20803315918253326, ""subsample"": 0.9493178415872655}",COMPLETE
48,0.8087248206553908,2026-09-21 14:52:18.253402,2026-09-21 14:52:20.627205,0 days 00:00:02.373803,0.6508105145504712,0.6453317129147819,0.06868587117113852,6,5.798048782355664,450,0.0551054284423922,0.9027172110053249,,"{""colsample_bytree"": 0.6508105145504712, ""gamma"": 0.6453317129147819, ""learning_rate"": 0.06868587117113852, ""max_depth"": 6, ""min_child_weight"": 5.798048782355664, ""n_estimators"": 450, ""reg_lambda"": 0.0551054284423922, ""subsample"": 0.9027172110053249}",COMPLETE
49,0.812599815001894,2026-09-21 14:52:20.627549,2026-09-21 14:52:22.815115,0 days 00:00:02.187566,0.6852186370535265,1.1924631390660974,0.035808569473737374,6,6.116942661839812,450,0.06452775142079396,0.921842038604643,,"{""colsample_bytree"": 0.6852186370535265, ""gamma"": 1.1924631390660974, ""learning_rate"": 0.035808569473737374, ""max_depth"": 6, ""min_child_weight"": 6.116942661839812, ""n_estimators"": 450, ""reg_lambda"": 0.06452775142079396, ""subsample"": 0.921842038604643}",COMPLETE
50,0.8093382815807029,2026-09-21 14:52:22.815195,2026-09-21 14:52:24.719729,0 days 00:00:01.904534,0.38580839119936117,1.7573694644789442,0.03155449954895555,6,3.490494364472558,350,0.07992685882541875,0.9793794162568508,,"{""colsample_bytree"": 0.38580839119936117, ""gamma"": 1.7573694644789442, ""learning_rate"": 0.03155449954895555, ""max_depth"": 6, ""min_child_weight"": 3.490494364472558, ""n_estimators"": 350, ""reg_lambda"": 0.07992685882541875, ""subsample"": 0.9793794162568508}",COMPLETE
51,0.8096511757045433,2026-09-21 14:52:24.719788,2026-09-21 14:52:27.800555,0 days 00:00:03.080767,0.7676406172251258,0.367181882572316,0.05929310776962275,5,6.180519913956254,500,0.12437783010375247,0.9202207638631599,,"{""colsample_bytree"": 0.7676406172251258, ""gamma"": 0.367181882572316, ""learning_rate"": 0.05929310776962275, ""max_depth"": 5, ""min_child_weight"": 6.180519913956254, ""n_estimators"": 500, ""reg_lambda"": 0.12437783010375247, ""subsample"": 0.9202207638631599}",COMPLETE
52,0.8154682783355813,2026-09-21 14:52:27.800726,2026-09-21 14:52:30.171774,0 days 00:00:02.371048,0.6029960075584144,2.0912920270704465,0.02309283878935133,5,3.1119748295109364,450,0.01860095193479299,0.9925953601417935,,"{""colsample_bytree"": 0.6029960075584144, ""gamma"": 2.0912920270704465, ""learning_rate"": 0.02309283878935133, ""max_depth"": 5, ""min_child_weight"": 3.1119748295109364, ""n_estimators"": 450, ""reg_lambda"": 0.01860095193479299, ""subsample"": 0.9925953601417935}",COMPLETE
53,0.8122421566211878,2026-09-21 14:52:30.171961,2026-09-21 14:52:32.803268,0 days 00:00:02.631307,0.6073457226215392,0.6104536477964133,0.05205205157408677,5,7.785934250926437,450,0.10944100900988041,0.9146679187937106,,"{""colsample_bytree"": 0.6073457226215392, ""gamma"": 0.6104536477964133, ""learning_rate"": 0.05205205157408677, ""max_depth"": 5, ""min_child_weight"": 7.785934250926437, ""n_estimators"": 450, ""reg_lambda"": 0.10944100900988041, ""subsample"": 0.9146679187937106}",COMPLETE
54,0.811720147844003,2026-09-21 14:52:32.803722,2026-09-21 14:52:37.075634,0 days 00:00:04.271912,0.6806008916377554,2.3875923215072166,0.027048404675025905,8,4.542109980478451,450,0.047489258269050476,0.9575106203210312,,"{""colsample_bytree"": 0.6806008916377554, ""gamma"": 2.3875923215072166, ""learning_rate"": 0.027048404675025905, ""max_depth"": 8, ""min_child_weight"": 4.542109980478451, ""n_estimators"": 450, ""reg_lambda"": 0.047489258269050476, ""subsample"": 0.9575106203210312}",COMPLETE
55,0.8114167101600618,2026-09-21 14:52:37.075982,2026-09-21 14:52:39.821917,0 days 00:00:02.745935,0.734519867469148,0.7522750149237024,0.050121972358484125,5,5.940719367492999,400,0.040859396497666046,0.8860297861070302,,"{""colsample_bytree"": 0.734519867469148, ""gamma"": 0.7522750149237024, ""learning_rate"": 0.050121972358484125, ""max_depth"": 5, ""min_child_weight"": 5.940719367492999, ""n_estimators"": 400, ""reg_lambda"": 0.040859396497666046, ""subsample"": 0.8860297861070302}",COMPLETE
56,0.8125641787206777,2026-09-21 14:52:39.822099,2026-09-21 14:52:41.272726,0 days 00:00:01.450627,0.5755550806287408,1.4382192127701874,0.03963379899359357,5,3.256243313726843,400,0.019014021174306922,0.9658242690435013,,"{""colsample_bytree"": 0.5755550806287408, ""gamma"": 1.4382192127701874, ""learning_rate"": 0.03963379899359357, ""max_depth"": 5, ""min_child_weight"": 3.256243313726843, ""n_estimators"": 400, ""reg_lambda"": 0.019014021174306922, ""subsample"": 0.9658242690435013}",COMPLETE
57,0.8117886571979058,2026-09-21 14:52:41.272767,2026-09-21 14:52:44.287703,0 days 00:00:03.014936,0.6128455154773144,0.706648270234547,0.0459299928245162,6,7.579601669381711,550,0.1507841317217002,0.9074333142696168,,"{""colsample_bytree"": 0.6128455154773144, ""gamma"": 0.706648270234547, ""learning_rate"": 0.0459299928245162, ""max_depth"": 6, ""min_child_weight"": 7.579601669381711, ""n_estimators"": 550, ""reg_lambda"": 0.1507841317217002, ""subsample"": 0.9074333142696168}",COMPLETE
58,0.8134123291873425,2026-09-21 14:52:44.287876,2026-09-21 14:52:47.359417,0 days 00:00:03.071541,0.41643690654304605,0.9351400892216596,0.018573269348727113,6,4.5455863936133545,400,0.007369984044081255,0.9948925945236644,,"{""colsample_bytree"": 0.41643690654304605, ""gamma"": 0.9351400892216596, ""learning_rate"": 0.018573269348727113, ""max_depth"": 6, ""min_child_weight"": 4.5455863936133545, ""n_estimators"": 400, ""reg_lambda"": 0.007369984044081255, ""subsample"": 0.9948925945236644}",COMPLETE
59,0.8121247976750094,2026-09-21 14:52:47.359494,2026-09-21 14:52:49.776811,0 days 00:00:02.417317,0.7167560079694184,1.9033586202307198,0.03499485838928102,7,5.023279624987106,450,0.14516638533386753,0.9573310544226707,,"{""colsample_bytree"": 0.7167560079694184, ""gamma"": 1.9033586202307198, ""learning_rate"": 0.03499485838928102, ""max_depth"": 7, ""min_child_weight"": 5.023279624987106, ""n_estimators"": 450, ""reg_lambda"": 0.14516638533386753, ""subsample"": 0.9573310544226707}",COMPLETE
60,0.8128035290153681,2026-09-21 14:52:49.776887,2026-09-21 14:52:51.662283,0 days 00:00:01.885396,0.5380520738683043,2.010582871812685,0.02749780348154676,6,3.648376620855693,450,0.0333859020846687,0.9760777670329218,,"{""colsample_bytree"": 0.5380520738683043, ""gamma"": 2.010582871812685, ""learning_rate"": 0.02749780348154676, ""max_depth"": 6, ""min_child_weight"": 3.648376620855693, ""n_estimators"": 450, ""reg_lambda"": 0.0333859020846687, ""subsample"": 0.9760777670329218}",COMPLETE
61,0.8103134312523494,2026-09-21 14:52:51.662330,2026-09-21 14:52:55.065569,0 days 00:00:03.403239,0.6533104805105613,0.5264495007825916,0.04183728272592873,5,8.357989416585164,450,0.09693480082878486,0.9647949106906274,,"{""colsample_bytree"": 0.6533104805105613, ""gamma"": 0.5264495007825916, ""learning_rate"": 0.04183728272592873, ""max_depth"": 5, ""min_child_weight"": 8.357989416585164, ""n_estimators"": 450, ""reg_lambda"": 0.09693480082878486, ""subsample"": 0.9647949106906274}",COMPLETE
62,0.8109675006225441,2026-09-21 14:52:55.065753,2026-09-21 14:52:57.446740,0 days 00:00:02.380987,0.6105939060229799,0.8885871313883412,0.03382644985313736,5,9.638072030307399,400,0.057007549212205,0.8895885005538631,,"{""colsample_bytree"": 0.6105939060229799, ""gamma"": 0.8885871313883412, ""learning_rate"": 0.03382644985313736, ""max_depth"": 5, ""min_child_weight"": 9.638072030307399, ""n_estimators"": 400, ""reg_lambda"": 0.057007549212205, ""subsample"": 0.8895885005538631}",COMPLETE
63,0.8108226348701709,2026-09-21 14:52:57.446908,2026-09-21 14:52:59.808079,0 days 00:00:02.361171,0.43982575977216715,0.6452010488134436,0.024823729755188623,5,4.722783144838679,300,0.01340720753717433,0.995491891305098,,"{""colsample_bytree"": 0.43982575977216715, ""gamma"": 0.6452010488134436, ""learning_rate"": 0.024823729755188623, ""max_depth"": 5, ""min_child_weight"": 4.722783144838679, ""n_estimators"": 300, ""reg_lambda"": 0.01340720753717433, ""subsample"": 0.995491891305098}",COMPLETE
64,0.8109467934325819,2026-09-21 14:52:59.808618,2026-09-21 14:53:03.175504,0 days 00:00:03.366886,0.5869715920806969,2.296127606118739,0.018560905397099894,5,3.0174174319331466,500,0.03538742491911435,0.9640405069528718,,"{""colsample_bytree"": 0.5869715920806969, ""gamma"": 2.296127606118739, ""learning_rate"": 0.018560905397099894, ""max_depth"": 5, ""min_child_weight"": 3.0174174319331466, ""n_estimators"": 500, ""reg_lambda"": 0.03538742491911435, ""subsample"": 0.9640405069528718}",COMPLETE
65,0.8104615901790748,2026-09-21 14:53:03.175690,2026-09-21 14:53:06.507571,0 days 00:00:03.331881,0.668660241466376,1.8915786066285474,0.02816268564300292,4,4.416200580928006,500,0.03919782904391706,0.9900083553387322,,"{""colsample_bytree"": 0.668660241466376, ""gamma"": 1.8915786066285474, ""learning_rate"": 0.02816268564300292, ""max_depth"": 4, ""min_child_weight"": 4.416200580928006, ""n_estimators"": 500, ""reg_lambda"": 0.03919782904391706, ""subsample"": 0.9900083553387322}",COMPLETE
66,0.8107666771219204,2026-09-21 14:53:06.507828,2026-09-21 14:53:12.163380,0 days 00:00:05.655552,0.4572434609349308,1.4115898548569372,0.015914271368884444,6,5.540840118130698,400,0.0034707978036789254,0.9608207471424837,,"{""colsample_bytree"": 0.4572434609349308, ""gamma"": 1.4115898548569372, ""learning_rate"": 0.015914271368884444, ""max_depth"": 6, ""min_child_weight"": 5.540840118130698, ""n_estimators"": 400, ""reg_lambda"": 0.0034707978036789254, ""subsample"": 0.9608207471424837}",COMPLETE
67,0.809467738794267,2026-09-21 14:53:12.163827,2026-09-21 14:53:14.984870,0 days 00:00:02.821043,0.40299704431283934,1.5437101427528939,0.022178715404860088,5,4.137179024476952,400,0.0070293200322669985,0.988983911292137,,"{""colsample_bytree"": 0.40299704431283934, ""gamma"": 1.5437101427528939, ""learning_rate"": 0.022178715404860088, ""max_depth"": 5, ""min_child_weight"": 4.137179024476952, ""n_estimators"": 400, ""reg_lambda"": 0.0070293200322669985, ""subsample"": 0.988983911292137}",COMPLETE
68,0.8117986908089989,2026-09-21 14:53:14.985428,2026-09-21 14:53:17.359705,0 days 00:00:02.374277,0.4116032064632083,1.237840405767205,0.033310574561570445,6,3.8115211249373235,300,0.003795327210951681,0.9869884666805371,,"{""colsample_bytree"": 0.4116032064632083, ""gamma"": 1.237840405767205, ""learning_rate"": 0.033310574561570445, ""max_depth"": 6, ""min_child_weight"": 3.8115211249373235, ""n_estimators"": 300, ""reg_lambda"": 0.003795327210951681, ""subsample"": 0.9869884666805371}",COMPLETE
69,0.810823427619817,2026-09-21 14:53:17.359980,2026-09-21 14:53:20.881092,0 days 00:00:03.521112,0.3405149661698728,0.9033965046385481,0.02910501562566024,6,3.888864623066928,350,0.003424537472194181,0.9518584747030441,,"{""colsample_bytree"": 0.3405149661698728, ""gamma"": 0.9033965046385481, ""learning_rate"": 0.02910501562566024, ""max_depth"": 6, ""min_child_weight"": 3.888864623066928, ""n_estimators"": 350, ""reg_lambda"": 0.003424537472194181, ""subsample"": 0.9518584747030441}",COMPLETE
70,0.8099381459886297,2026-09-21 14:53:20.881459,2026-09-21 14:53:24.403011,0 days 00:00:03.521552,0.7451533149627209,0.7574673652930625,0.04035141254142651,5,6.600411519029078,450,0.047230231015517994,0.9677559431062412,,"{""colsample_bytree"": 0.7451533149627209, ""gamma"": 0.7574673652930625, ""learning_rate"": 0.04035141254142651, ""max_depth"": 5, ""min_child_weight"": 6.600411519029078, ""n_estimators"": 450, ""reg_lambda"": 0.047230231015517994, ""subsample"": 0.9677559431062412}",COMPLETE
71,0.8130471524918541,2026-09-21 14:53:24.403361,2026-09-21 14:53:27.730921,0 days 00:00:03.327560,0.6426183128426594,1.2469279127936732,0.03151881527459667,6,4.591883632678523,550,0.014550644482519656,0.9621321517991173,,"{""colsample_bytree"": 0.6426183128426594, ""gamma"": 1.2469279127936732, ""learning_rate"": 0.03151881527459667, ""max_depth"": 6, ""min_child_weight"": 4.591883632678523, ""n_estimators"": 550, ""reg_lambda"": 0.014550644482519656, ""subsample"": 0.9621321517991173}",COMPLETE
72,0.808663219732306,2026-09-21 14:53:27.731244,2026-09-21 14:53:30.997213,0 days 00:00:03.265969,0.4286113721435907,0.5232458419428228,0.025212979790484993,5,5.22637528801874,400,0.006296721771598748,0.9683890032033696,,"{""colsample_bytree"": 0.4286113721435907, ""gamma"": 0.5232458419428228, ""learning_rate"": 0.025212979790484993, ""max_depth"": 5, ""min_child_weight"": 5.22637528801874, ""n_estimators"": 400, ""reg_lambda"": 0.006296721771598748, ""subsample"": 0.9683890032033696}",COMPLETE
73,0.8132349592257363,2026-09-21 14:53:30.997707,2026-09-21 14:53:34.632808,0 days 00:00:03.635101,0.6321513564645559,1.2574887601049096,0.02567810290515632,6,5.047794509393291,550,0.021888154949116407,0.9347187567985481,,"{""colsample_bytree"": 0.6321513564645559, ""gamma"": 1.2574887601049096, ""learning_rate"": 0.02567810290515632, ""max_depth"": 6, ""min_child_weight"": 5.047794509393291, ""n_estimators"": 550, ""reg_lambda"": 0.021888154949116407, ""subsample"": 0.9347187567985481}",COMPLETE
74,0.8118856927293377,2026-09-21 14:53:34.633864,2026-09-21 14:53:38.406230,0 days 00:00:03.772366,0.5494235756561847,1.1303903310863819,0.0174930800402897,6,5.126853023213364,500,0.034469582322815155,0.9583812230203971,,"{""colsample_bytree"": 0.5494235756561847, ""gamma"": 1.1303903310863819, ""learning_rate"": 0.0174930800402897, ""max_depth"": 6, ""min_child_weight"": 5.126853023213364, ""n_estimators"": 500, ""reg_lambda"": 0.034469582322815155, ""subsample"": 0.9583812230203971}",COMPLETE
75,0.8100911522353531,2026-09-21 14:53:38.406689,2026-09-21 14:53:42.633995,0 days 00:00:04.227306,0.6776742271987767,1.0785162950969274,0.024934876824906266,6,4.489141726006637,550,0.022691434613867974,0.9090722072801014,,"{""colsample_bytree"": 0.6776742271987767, ""gamma"": 1.0785162950969274, ""learning_rate"": 0.024934876824906266, ""max_depth"": 6, ""min_child_weight"": 4.489141726006637, ""n_estimators"": 550, ""reg_lambda"": 0.022691434613867974, ""subsample"": 0.9090722072801014}",COMPLETE
76,0.8118069629630768,2026-09-21 14:53:42.635355,2026-09-21 14:53:45.222248,0 days 00:00:02.586893,0.5702632045641637,1.207065978064349,0.0191346379861103,5,4.992449574230782,500,0.017221633483291445,0.9811979551890595,,"{""colsample_bytree"": 0.5702632045641637, ""gamma"": 1.207065978064349, ""learning_rate"": 0.0191346379861103, ""max_depth"": 5, ""min_child_weight"": 4.992449574230782, ""n_estimators"": 500, ""reg_lambda"": 0.017221633483291445, ""subsample"": 0.9811979551890595}",COMPLETE
77,0.8093987875307775,2026-09-21 14:53:45.222335,2026-09-21 14:53:48.558121,0 days 00:00:03.335786,0.41034659828945413,0.6920602790352808,0.02226955380865792,7,4.452874094124262,400,0.009597645238238457,0.960215107249955,,"{""colsample_bytree"": 0.41034659828945413, ""gamma"": 0.6920602790352808, ""learning_rate"": 0.02226955380865792, ""max_depth"": 7, ""min_child_weight"": 4.452874094124262, ""n_estimators"": 400, ""reg_lambda"": 0.009597645238238457, ""subsample"": 0.960215107249955}",COMPLETE
78,0.809980327978384,2026-09-21 14:53:48.558294,2026-09-21 14:53:51.711002,0 days 00:00:03.152708,0.6450424104111225,0.5365940223761684,0.047975630327302995,5,5.4021782089537,450,0.2555806802822625,0.9131269065138401,,"{""colsample_bytree"": 0.6450424104111225, ""gamma"": 0.5365940223761684, ""learning_rate"": 0.047975630327302995, ""max_depth"": 5, ""min_child_weight"": 5.4021782089537, ""n_estimators"": 450, ""reg_lambda"": 0.2555806802822625, ""subsample"": 0.9131269065138401}",COMPLETE
79,0.8126914008266694,2026-09-21 14:53:51.711688,2026-09-21 14:53:54.972016,0 days 00:00:03.260328,0.571215380376537,1.1428763077624402,0.022526790184824046,6,3.159474440123384,550,0.04768044666868191,0.9644567817357331,,"{""colsample_bytree"": 0.571215380376537, ""gamma"": 1.1428763077624402, ""learning_rate"": 0.022526790184824046, ""max_depth"": 6, ""min_child_weight"": 3.159474440123384, ""n_estimators"": 550, ""reg_lambda"": 0.04768044666868191, ""subsample"": 0.9644567817357331}",COMPLETE
80,0.8107604041911142,2026-09-21 14:53:54.972615,2026-09-21 14:53:56.977616,0 days 00:00:02.005001,0.6087072996706627,1.5601642576498327,0.03788625141798637,5,10.139841253302615,400,0.09583663397479981,0.8618660156175432,,"{""colsample_bytree"": 0.6087072996706627, ""gamma"": 1.5601642576498327, ""learning_rate"": 0.03788625141798637, ""max_depth"": 5, ""min_child_weight"": 10.139841253302615, ""n_estimators"": 400, ""reg_lambda"": 0.09583663397479981, ""subsample"": 0.8618660156175432}",COMPLETE
81,0.8091096771237709,2026-09-21 14:53:56.977694,2026-09-21 14:53:58.436240,0 days 00:00:01.458546,0.3798157704201368,0.5908877262480761,0.023362675787272018,5,3.0115674902396825,250,0.018273122967164837,0.9970482665285164,,"{""colsample_bytree"": 0.3798157704201368, ""gamma"": 0.5908877262480761, ""learning_rate"": 0.023362675787272018, ""max_depth"": 5, ""min_child_weight"": 3.0115674902396825, ""n_estimators"": 250, ""reg_lambda"": 0.018273122967164837, ""subsample"": 0.9970482665285164}",COMPLETE
82,0.8105550122299974,2026-09-21 14:53:58.436287,2026-09-21 14:54:02.516765,0 days 00:00:04.080478,0.43396430141656567,0.5147199627438144,0.017540399725155035,6,4.9691245041702,400,0.011905537038227098,0.9771565499638152,,"{""colsample_bytree"": 0.43396430141656567, ""gamma"": 0.5147199627438144, ""learning_rate"": 0.017540399725155035, ""max_depth"": 6, ""min_child_weight"": 4.9691245041702, ""n_estimators"": 400, ""reg_lambda"": 0.011905537038227098, ""subsample"": 0.9771565499638152}",COMPLETE
83,0.8127211966813471,2026-09-21 14:54:02.517074,2026-09-21 14:54:06.228548,0 days 00:00:03.711474,0.5139831685171714,1.2968103332671586,0.022828458834294917,6,4.01792677951545,450,0.020033512795139884,0.9933217141915999,,"{""colsample_bytree"": 0.5139831685171714, ""gamma"": 1.2968103332671586, ""learning_rate"": 0.022828458834294917, ""max_depth"": 6, ""min_child_weight"": 4.01792677951545, ""n_estimators"": 450, ""reg_lambda"": 0.020033512795139884, ""subsample"": 0.9933217141915999}",COMPLETE
84,0.8093547336122633,2026-09-21 14:54:06.228921,2026-09-21 14:54:08.822084,0 days 00:00:02.593163,0.5543704756686801,0.913824518008031,0.03745590671907749,5,8.596341370751553,450,0.062357668124645015,0.894294833840235,,"{""colsample_bytree"": 0.5543704756686801, ""gamma"": 0.913824518008031, ""learning_rate"": 0.03745590671907749, ""max_depth"": 5, ""min_child_weight"": 8.596341370751553, ""n_estimators"": 450, ""reg_lambda"": 0.062357668124645015, ""subsample"": 0.894294833840235}",COMPLETE
85,0.8121398972175438,2026-09-21 14:54:08.822250,2026-09-21 14:54:11.870982,0 days 00:00:03.048732,0.6423472706412803,1.718217796056104,0.020234859887813584,6,4.237656614336308,650,0.0227079559085679,0.9446193076690199,,"{""colsample_bytree"": 0.6423472706412803, ""gamma"": 1.718217796056104, ""learning_rate"": 0.020234859887813584, ""max_depth"": 6, ""min_child_weight"": 4.237656614336308, ""n_estimators"": 650, ""reg_lambda"": 0.0227079559085679, ""subsample"": 0.9446193076690199}",COMPLETE
86,0.8093238542662136,2026-09-21 14:54:11.871460,2026-09-21 14:54:13.531713,0 days 00:00:01.660253,0.3361405203772539,0.3676676579787895,0.025010108243066764,5,3.7973694321364913,300,0.0059748764584481185,0.9185937074441541,,"{""colsample_bytree"": 0.3361405203772539, ""gamma"": 0.3676676579787895, ""learning_rate"": 0.025010108243066764, ""max_depth"": 5, ""min_child_weight"": 3.7973694321364913, ""n_estimators"": 300, ""reg_lambda"": 0.0059748764584481185, ""subsample"": 0.9185937074441541}",COMPLETE
87,0.8122733130507859,2026-09-21 14:54:13.531757,2026-09-21 14:54:15.470257,0 days 00:00:01.938500,0.6758558782773656,1.1275683725627665,0.04180330893583879,5,6.133441326765051,400,0.19490081297046613,0.905062005044641,,"{""colsample_bytree"": 0.6758558782773656, ""gamma"": 1.1275683725627665, ""learning_rate"": 0.04180330893583879, ""max_depth"": 5, ""min_child_weight"": 6.133441326765051, ""n_estimators"": 400, ""reg_lambda"": 0.19490081297046613, ""subsample"": 0.905062005044641}",COMPLETE
88,0.8105646796921357,2026-09-21 14:54:15.470361,2026-09-21 14:54:17.524760,0 days 00:00:02.054399,0.3582203452552547,1.6000971596919573,0.025773771451406906,5,4.62320806364417,300,0.004858679613141496,0.9436800023053105,,"{""colsample_bytree"": 0.3582203452552547, ""gamma"": 1.6000971596919573, ""learning_rate"": 0.025773771451406906, ""max_depth"": 5, ""min_child_weight"": 4.62320806364417, ""n_estimators"": 300, ""reg_lambda"": 0.004858679613141496, ""subsample"": 0.9436800023053105}",COMPLETE
89,0.8112906975734866,2026-09-21 14:54:17.525042,2026-09-21 14:54:20.326652,0 days 00:00:02.801610,0.41475263430036713,0.5968555251851121,0.021551303526809902,6,4.059639168500214,250,0.007863647249218782,0.9949397847594542,,"{""colsample_bytree"": 0.41475263430036713, ""gamma"": 0.5968555251851121, ""learning_rate"": 0.021551303526809902, ""max_depth"": 6, ""min_child_weight"": 4.059639168500214, ""n_estimators"": 250, ""reg_lambda"": 0.007863647249218782, ""subsample"": 0.9949397847594542}",COMPLETE
