number,value,datetime_start,datetime_complete,duration,params_bagging_temperature,params_depth,params_iterations,params_l2_leaf_reg,params_learning_rate,params_random_strength,system_attrs_fixed_params,system_attrs_tpe:relative_params:0,state
0,0.8149372478772813,2026-09-21 14:22:48.150832,2026-09-21 14:23:00.155953,0 days 00:00:12.005121,1.0,6,1000,3.0,0.03,1.0,"{'iterations': 1000, 'learning_rate': 0.03, 'depth': 6, 'l2_leaf_reg': 3, 'random_strength': 1.0, 'bagging_temperature': 1.0}",,COMPLETE
1,0.8063192735111985,2026-09-21 14:23:00.156178,2026-09-21 14:23:12.040594,0 days 00:00:11.884416,0.6458941130666561,6,1000,5.115750615935456,0.0852084800119005,2.1182739966945237,,,COMPLETE
2,0.7999122636414492,2026-09-21 14:23:12.040799,2026-09-21 14:23:29.593996,0 days 00:00:17.553197,0.5288949197529045,8,800,3.154052496956796,0.14461835703563006,3.958625190413323,,,COMPLETE
3,0.8071433248522697,2026-09-21 14:23:29.594177,2026-09-21 14:23:36.499951,0 days 00:00:06.905774,0.832619845547938,3,1000,1.2982485087605053,0.1600401649423368,0.1010919872016286,,,COMPLETE
4,0.8005478182877533,2026-09-21 14:23:36.500174,2026-09-21 14:24:08.450673,0 days 00:00:31.950499,0.7805291762864555,8,1300,10.957948710049177,0.13549145341210658,2.3073968112646592,,,COMPLETE
5,0.8101176374808737,2026-09-21 14:24:08.450879,2026-09-21 14:24:11.623256,0 days 00:00:03.172377,0.4146619399905236,3,400,16.945039949066025,0.0680074425948075,2.6092416087503585,,,COMPLETE
6,0.8105839323513964,2026-09-21 14:24:11.623451,2026-09-21 14:24:17.232502,0 days 00:00:05.609051,0.6176354970758771,5,600,5.489712718496441,0.10169538705876567,0.09394900218177571,,,COMPLETE
7,0.8076928124217979,2026-09-21 14:24:17.232539,2026-09-21 14:24:40.770046,0 days 00:00:23.537507,0.43703195379934145,8,1000,7.710253564584053,0.06348185887563147,1.79753950286893,,,COMPLETE
8,0.8159265945612086,2026-09-21 14:24:40.770273,2026-09-21 14:24:58.696920,0 days 00:00:17.926647,0.1289262976548533,7,1200,7.456241820636357,0.011977195682764619,1.0519128053692044,,,COMPLETE
9,0.8159018372092595,2026-09-21 14:24:58.697164,2026-09-21 14:25:07.705477,0 days 00:00:09.008313,0.10204481074802807,6,700,3.720777713148019,0.029730254214469846,4.941869190296131,,,COMPLETE
10,0.810040420776818,2026-09-21 14:25:07.705661,2026-09-21 14:25:13.888229,0 days 00:00:06.182568,0.2318687965992804,4,700,9.503944599217737,0.010510298980112952,0.6719429323464547,,"{""bagging_temperature"": 0.2318687965992804, ""depth"": 4, ""iterations"": 700, ""l2_leaf_reg"": 9.503944599217737, ""learning_rate"": 0.010510298980112952, ""random_strength"": 0.6719429323464547}",COMPLETE
11,0.8160567528039128,2026-09-21 14:25:13.888377,2026-09-21 14:25:37.252502,0 days 00:00:23.364125,0.11654237992736631,8,1000,6.68359096893876,0.01285539840009568,2.4992465997666318,,"{""bagging_temperature"": 0.11654237992736631, ""depth"": 8, ""iterations"": 1000, ""l2_leaf_reg"": 6.68359096893876, ""learning_rate"": 0.01285539840009568, ""random_strength"": 2.4992465997666318}",COMPLETE
12,0.8125687325477433,2026-09-21 14:25:37.252691,2026-09-21 14:26:04.789737,0 days 00:00:27.537046,0.08700062058193192,8,1200,4.242306430071233,0.023458530440312823,0.24148992412514692,,"{""bagging_temperature"": 0.08700062058193192, ""depth"": 8, ""iterations"": 1200, ""l2_leaf_reg"": 4.242306430071233, ""learning_rate"": 0.023458530440312823, ""random_strength"": 0.24148992412514692}",COMPLETE
13,0.8158897499018032,2026-09-21 14:26:04.789962,2026-09-21 14:26:22.520383,0 days 00:00:17.730421,0.09698525538495162,7,1100,4.60501294411114,0.010739257986027035,2.824444172219418,,"{""bagging_temperature"": 0.09698525538495162, ""depth"": 7, ""iterations"": 1100, ""l2_leaf_reg"": 4.60501294411114, ""learning_rate"": 0.010739257986027035, ""random_strength"": 2.824444172219418}",COMPLETE
14,0.8151871537061423,2026-09-21 14:26:22.520612,2026-09-21 14:26:38.735882,0 days 00:00:16.215270,0.03873578891505079,7,1000,15.532972795423161,0.013254842444109528,1.2642370109251948,,"{""bagging_temperature"": 0.03873578891505079, ""depth"": 7, ""iterations"": 1000, ""l2_leaf_reg"": 15.532972795423161, ""learning_rate"": 0.013254842444109528, ""random_strength"": 1.2642370109251948}",COMPLETE
15,0.812599653281046,2026-09-21 14:26:38.736102,2026-09-21 14:27:08.950136,0 days 00:00:30.214034,0.3483349436338753,8,1300,3.4329345650133565,0.018662509602834738,1.7537178757518828,,"{""bagging_temperature"": 0.3483349436338753, ""depth"": 8, ""iterations"": 1300, ""l2_leaf_reg"": 3.4329345650133565, ""learning_rate"": 0.018662509602834738, ""random_strength"": 1.7537178757518828}",COMPLETE
16,0.8163393506157348,2026-09-21 14:27:08.950362,2026-09-21 14:27:31.086819,0 days 00:00:22.136457,0.10709610124827601,7,1400,8.16348420480856,0.021469934045547638,2.1015138626932073,,"{""bagging_temperature"": 0.10709610124827601, ""depth"": 7, ""iterations"": 1400, ""l2_leaf_reg"": 8.16348420480856, ""learning_rate"": 0.021469934045547638, ""random_strength"": 2.1015138626932073}",COMPLETE
17,0.8098863871095741,2026-09-21 14:27:31.087053,2026-09-21 14:28:07.102419,0 days 00:00:36.015366,0.1319231752396672,8,1500,11.625649248401388,0.03262377598338484,2.504288515858669,,"{""bagging_temperature"": 0.1319231752396672, ""depth"": 8, ""iterations"": 1500, ""l2_leaf_reg"": 11.625649248401388, ""learning_rate"": 0.03262377598338484, ""random_strength"": 2.504288515858669}",COMPLETE
18,0.8145646147814587,2026-09-21 14:28:07.102738,2026-09-21 14:28:31.282509,0 days 00:00:24.179771,0.12084266590431318,7,1500,6.1029270323521905,0.01779739270263377,1.6170172642829934,,"{""bagging_temperature"": 0.12084266590431318, ""depth"": 7, ""iterations"": 1500, ""l2_leaf_reg"": 6.1029270323521905, ""learning_rate"": 0.01779739270263377, ""random_strength"": 1.6170172642829934}",COMPLETE
19,0.8142269155588886,2026-09-21 14:28:31.282724,2026-09-21 14:28:47.846230,0 days 00:00:16.563506,0.1533140152230886,8,700,10.423172752190215,0.019127605878724297,1.5928702114113484,,"{""bagging_temperature"": 0.1533140152230886, ""depth"": 8, ""iterations"": 700, ""l2_leaf_reg"": 10.423172752190215, ""learning_rate"": 0.019127605878724297, ""random_strength"": 1.5928702114113484}",COMPLETE
20,0.8127386375665895,2026-09-21 14:28:47.846406,2026-09-21 14:29:00.449610,0 days 00:00:12.603204,0.10251455795691329,7,800,12.064367571667697,0.013134639535607263,2.6663159684471407,,"{""bagging_temperature"": 0.10251455795691329, ""depth"": 7, ""iterations"": 800, ""l2_leaf_reg"": 12.064367571667697, ""learning_rate"": 0.013134639535607263, ""random_strength"": 2.6663159684471407}",COMPLETE
21,0.8149066956632567,2026-09-21 14:29:00.449872,2026-09-21 14:29:34.364365,0 days 00:00:33.914493,0.018527546678297854,8,1400,6.831102149885506,0.016006811574723844,3.0775317202667027,,"{""bagging_temperature"": 0.018527546678297854, ""depth"": 8, ""iterations"": 1400, ""l2_leaf_reg"": 6.831102149885506, ""learning_rate"": 0.016006811574723844, ""random_strength"": 3.0775317202667027}",COMPLETE
22,0.8139128858910789,2026-09-21 14:29:34.365141,2026-09-21 14:29:50.222532,0 days 00:00:15.857391,0.30764093516014834,6,1300,5.900223948742839,0.0285515039016257,0.7895907819412141,,"{""bagging_temperature"": 0.30764093516014834, ""depth"": 6, ""iterations"": 1300, ""l2_leaf_reg"": 5.900223948742839, ""learning_rate"": 0.0285515039016257, ""random_strength"": 0.7895907819412141}",COMPLETE
23,0.8178236788247858,2026-09-21 14:29:50.222796,2026-09-21 14:30:08.221813,0 days 00:00:17.999017,0.21641205996520624,6,1500,9.90038502209085,0.01728104370203627,0.6985420429128288,,"{""bagging_temperature"": 0.21641205996520624, ""depth"": 6, ""iterations"": 1500, ""l2_leaf_reg"": 9.90038502209085, ""learning_rate"": 0.01728104370203627, ""random_strength"": 0.6985420429128288}",COMPLETE
24,0.8157523604614717,2026-09-21 14:30:08.222661,2026-09-21 14:30:27.611231,0 days 00:00:19.388570,0.3086154452754785,7,1200,6.543102678232658,0.027406130486898776,2.7263739556482545,,"{""bagging_temperature"": 0.3086154452754785, ""depth"": 7, ""iterations"": 1200, ""l2_leaf_reg"": 6.543102678232658, ""learning_rate"": 0.027406130486898776, ""random_strength"": 2.7263739556482545}",COMPLETE
25,0.8134077389233788,2026-09-21 14:30:27.611429,2026-09-21 14:30:49.337568,0 days 00:00:21.726139,0.2631719734599147,7,1400,12.338447263848076,0.010200194181323915,0.9726215536153713,,"{""bagging_temperature"": 0.2631719734599147, ""depth"": 7, ""iterations"": 1400, ""l2_leaf_reg"": 12.338447263848076, ""learning_rate"": 0.010200194181323915, ""random_strength"": 0.9726215536153713}",COMPLETE
26,0.8158250237355947,2026-09-21 14:30:49.337729,2026-09-21 14:31:06.278788,0 days 00:00:16.941059,0.16997449409475363,7,1100,5.550967908588991,0.018319923709484685,1.8650660155384915,,"{""bagging_temperature"": 0.16997449409475363, ""depth"": 7, ""iterations"": 1100, ""l2_leaf_reg"": 5.550967908588991, ""learning_rate"": 0.018319923709484685, ""random_strength"": 1.8650660155384915}",COMPLETE
27,0.8145575189804865,2026-09-21 14:31:06.279100,2026-09-21 14:31:21.978672,0 days 00:00:15.699572,0.39498863326025146,6,1300,7.193798627994205,0.010460623716132069,0.4289519185870387,,"{""bagging_temperature"": 0.39498863326025146, ""depth"": 6, ""iterations"": 1300, ""l2_leaf_reg"": 7.193798627994205, ""learning_rate"": 0.010460623716132069, ""random_strength"": 0.4289519185870387}",COMPLETE
28,0.8150145853812729,2026-09-21 14:31:21.978844,2026-09-21 14:31:44.878579,0 days 00:00:22.899735,0.2106946335565081,7,1500,8.548270505791322,0.02185482265972166,0.44621324661736944,,"{""bagging_temperature"": 0.2106946335565081, ""depth"": 7, ""iterations"": 1500, ""l2_leaf_reg"": 8.548270505791322, ""learning_rate"": 0.02185482265972166, ""random_strength"": 0.44621324661736944}",COMPLETE
29,0.8161743349521272,2026-09-21 14:31:44.878778,2026-09-21 14:32:01.948961,0 days 00:00:17.070183,0.20725610062714728,6,1500,16.834340158554213,0.015906689846968705,0.4505607233650627,,"{""bagging_temperature"": 0.20725610062714728, ""depth"": 6, ""iterations"": 1500, ""l2_leaf_reg"": 16.834340158554213, ""learning_rate"": 0.015906689846968705, ""random_strength"": 0.4505607233650627}",COMPLETE
30,0.8132132476356013,2026-09-21 14:32:01.949175,2026-09-21 14:32:22.673236,0 days 00:00:20.724061,0.30225896205372227,7,1400,16.023888364759657,0.013200737586985072,0.022713229065047635,,"{""bagging_temperature"": 0.30225896205372227, ""depth"": 7, ""iterations"": 1400, ""l2_leaf_reg"": 16.023888364759657, ""learning_rate"": 0.013200737586985072, ""random_strength"": 0.022713229065047635}",COMPLETE
31,0.8160632404374782,2026-09-21 14:32:22.673414,2026-09-21 14:32:37.324961,0 days 00:00:14.651547,0.3164576952880226,6,1300,14.243257259279375,0.02926177121143705,0.9574778984375989,,"{""bagging_temperature"": 0.3164576952880226, ""depth"": 6, ""iterations"": 1300, ""l2_leaf_reg"": 14.243257259279375, ""learning_rate"": 0.02926177121143705, ""random_strength"": 0.9574778984375989}",COMPLETE
32,0.816955413104378,2026-09-21 14:32:37.325237,2026-09-21 14:32:54.668120,0 days 00:00:17.342883,0.16789826529440854,6,1500,15.589615526201808,0.017354569097335536,0.6350828171678314,,"{""bagging_temperature"": 0.16789826529440854, ""depth"": 6, ""iterations"": 1500, ""l2_leaf_reg"": 15.589615526201808, ""learning_rate"": 0.017354569097335536, ""random_strength"": 0.6350828171678314}",COMPLETE
33,0.8159331308644273,2026-09-21 14:32:54.668312,2026-09-21 14:33:07.569349,0 days 00:00:12.901037,0.16527093406487753,5,1400,13.503321853334823,0.019098955669825456,0.4172619225681308,,"{""bagging_temperature"": 0.16527093406487753, ""depth"": 5, ""iterations"": 1400, ""l2_leaf_reg"": 13.503321853334823, ""learning_rate"": 0.019098955669825456, ""random_strength"": 0.4172619225681308}",COMPLETE
34,0.8149100780218136,2026-09-21 14:33:07.569511,2026-09-21 14:33:31.846689,0 days 00:00:24.277178,0.2010333651064361,7,1500,15.379664183905918,0.015690512942170293,1.3130218957912376,,"{""bagging_temperature"": 0.2010333651064361, ""depth"": 7, ""iterations"": 1500, ""l2_leaf_reg"": 15.379664183905918, ""learning_rate"": 0.015690512942170293, ""random_strength"": 1.3130218957912376}",COMPLETE
35,0.813812929253495,2026-09-21 14:33:31.846979,2026-09-21 14:33:50.313520,0 days 00:00:18.466541,0.352632713208944,6,1500,10.41616729843792,0.018939868033115353,0.5360924241417292,,"{""bagging_temperature"": 0.352632713208944, ""depth"": 6, ""iterations"": 1500, ""l2_leaf_reg"": 10.41616729843792, ""learning_rate"": 0.018939868033115353, ""random_strength"": 0.5360924241417292}",COMPLETE
36,0.8155959842543433,2026-09-21 14:33:50.313792,2026-09-21 14:34:06.724147,0 days 00:00:16.410355,0.016411272316342623,6,1400,9.39690448030914,0.016960977089381515,1.1706325573644412,,"{""bagging_temperature"": 0.016411272316342623, ""depth"": 6, ""iterations"": 1400, ""l2_leaf_reg"": 9.39690448030914, ""learning_rate"": 0.016960977089381515, ""random_strength"": 1.1706325573644412}",COMPLETE
37,0.8166428521349374,2026-09-21 14:34:06.725534,2026-09-21 14:34:24.051306,0 days 00:00:17.325772,0.04002448885952081,6,1500,16.369638377108405,0.013392942480229724,0.7058657273054276,,"{""bagging_temperature"": 0.04002448885952081, ""depth"": 6, ""iterations"": 1500, ""l2_leaf_reg"": 16.369638377108405, ""learning_rate"": 0.013392942480229724, ""random_strength"": 0.7058657273054276}",COMPLETE
38,0.8152218324710736,2026-09-21 14:34:24.051481,2026-09-21 14:34:39.237916,0 days 00:00:15.186435,0.015488171929926298,5,1500,10.526147710575199,0.015457503826880102,0.3592673046162383,,"{""bagging_temperature"": 0.015488171929926298, ""depth"": 5, ""iterations"": 1500, ""l2_leaf_reg"": 10.526147710575199, ""learning_rate"": 0.015457503826880102, ""random_strength"": 0.3592673046162383}",COMPLETE
39,0.8137249169106087,2026-09-21 14:34:39.238098,2026-09-21 14:34:55.216657,0 days 00:00:15.978559,0.13089773352370937,6,1300,11.550839392535622,0.010732330458066448,0.2845544916676926,,"{""bagging_temperature"": 0.13089773352370937, ""depth"": 6, ""iterations"": 1300, ""l2_leaf_reg"": 11.550839392535622, ""learning_rate"": 0.010732330458066448, ""random_strength"": 0.2845544916676926}",COMPLETE
40,0.8172039999546987,2026-09-21 14:34:55.216839,2026-09-21 14:35:13.186851,0 days 00:00:17.970012,0.10600801342347908,6,1500,12.75346241715808,0.012986432653940292,0.6597551064201211,,"{""bagging_temperature"": 0.10600801342347908, ""depth"": 6, ""iterations"": 1500, ""l2_leaf_reg"": 12.75346241715808, ""learning_rate"": 0.012986432653940292, ""random_strength"": 0.6597551064201211}",COMPLETE
41,0.8145417323511026,2026-09-21 14:35:13.187151,2026-09-21 14:35:29.766048,0 days 00:00:16.578897,0.1149163536889054,6,1400,13.61531851789056,0.016805892491859844,1.7855645619994625,,"{""bagging_temperature"": 0.1149163536889054, ""depth"": 6, ""iterations"": 1400, ""l2_leaf_reg"": 13.61531851789056, ""learning_rate"": 0.016805892491859844, ""random_strength"": 1.7855645619994625}",COMPLETE
42,0.8142492531843178,2026-09-21 14:35:29.766240,2026-09-21 14:35:45.202448,0 days 00:00:15.436208,0.15775285455999766,5,1500,10.652643168252949,0.011981038698838209,1.5402722536643099,,"{""bagging_temperature"": 0.15775285455999766, ""depth"": 5, ""iterations"": 1500, ""l2_leaf_reg"": 10.652643168252949, ""learning_rate"": 0.011981038698838209, ""random_strength"": 1.5402722536643099}",COMPLETE
43,0.8166362589573734,2026-09-21 14:35:45.202680,2026-09-21 14:36:09.517105,0 days 00:00:24.314425,0.034734194163050375,7,1500,13.193490345985222,0.011208233023959562,0.7313753274974151,,"{""bagging_temperature"": 0.034734194163050375, ""depth"": 7, ""iterations"": 1500, ""l2_leaf_reg"": 13.193490345985222, ""learning_rate"": 0.011208233023959562, ""random_strength"": 0.7313753274974151}",COMPLETE
44,0.8152464375074933,2026-09-21 14:36:09.517373,2026-09-21 14:36:25.960278,0 days 00:00:16.442905,0.13061759864216668,6,1400,16.624947798043024,0.012703621263943846,1.040810351578382,,"{""bagging_temperature"": 0.13061759864216668, ""depth"": 6, ""iterations"": 1400, ""l2_leaf_reg"": 16.624947798043024, ""learning_rate"": 0.012703621263943846, ""random_strength"": 1.040810351578382}",COMPLETE
45,0.8153446410645099,2026-09-21 14:36:25.960706,2026-09-21 14:36:46.281577,0 days 00:00:20.320871,0.14555818425945627,7,1300,13.204150094771183,0.012616347817213774,0.6178840504713606,,"{""bagging_temperature"": 0.14555818425945627, ""depth"": 7, ""iterations"": 1300, ""l2_leaf_reg"": 13.204150094771183, ""learning_rate"": 0.012616347817213774, ""random_strength"": 0.6178840504713606}",COMPLETE
46,0.8138155159452216,2026-09-21 14:36:46.281748,2026-09-21 14:37:00.871018,0 days 00:00:14.589270,0.20797601946435418,5,1500,14.638114393746385,0.011016516933052202,0.4506068664990055,,"{""bagging_temperature"": 0.20797601946435418, ""depth"": 5, ""iterations"": 1500, ""l2_leaf_reg"": 14.638114393746385, ""learning_rate"": 0.011016516933052202, ""random_strength"": 0.4506068664990055}",COMPLETE
47,0.8146838485898312,2026-09-21 14:37:00.871266,2026-09-21 14:37:19.549413,0 days 00:00:18.678147,0.18961176578582678,6,1500,16.16214096699551,0.02048891864124443,1.3156128704168915,,"{""bagging_temperature"": 0.18961176578582678, ""depth"": 6, ""iterations"": 1500, ""l2_leaf_reg"": 16.16214096699551, ""learning_rate"": 0.02048891864124443, ""random_strength"": 1.3156128704168915}",COMPLETE
48,0.8156165596722212,2026-09-21 14:37:19.549641,2026-09-21 14:37:37.176682,0 days 00:00:17.627041,0.11536928400534747,6,1500,13.757567210604426,0.015544128027074822,0.08751699222833687,,"{""bagging_temperature"": 0.11536928400534747, ""depth"": 6, ""iterations"": 1500, ""l2_leaf_reg"": 13.757567210604426, ""learning_rate"": 0.015544128027074822, ""random_strength"": 0.08751699222833687}",COMPLETE
49,0.8146273041928689,2026-09-21 14:37:37.176866,2026-09-21 14:37:54.959157,0 days 00:00:17.782291,0.08780403379481894,6,1500,13.424950975207253,0.010997153044116935,0.2830763287172024,,"{""bagging_temperature"": 0.08780403379481894, ""depth"": 6, ""iterations"": 1500, ""l2_leaf_reg"": 13.424950975207253, ""learning_rate"": 0.010997153044116935, ""random_strength"": 0.2830763287172024}",COMPLETE
