number,value,datetime_start,datetime_complete,duration,params_colsample_bytree,params_gamma,params_learning_rate,params_max_depth,params_min_child_weight,params_n_estimators,params_reg_lambda,params_subsample,system_attrs_fixed_params,system_attrs_tpe:relative_params:0,state
90,0.8085137232510078,2026-09-21 14:54:20.327102,2026-09-21 14:54:23.216558,0 days 00:00:02.889456,0.33706422050867074,0.3130668646753447,0.03270777801392566,5,3.981221253923197,350,0.0032865608810759496,0.9517823080136806,,"{""colsample_bytree"": 0.33706422050867074, ""gamma"": 0.3130668646753447, ""learning_rate"": 0.03270777801392566, ""max_depth"": 5, ""min_child_weight"": 3.981221253923197, ""n_estimators"": 350, ""reg_lambda"": 0.0032865608810759496, ""subsample"": 0.9517823080136806}",COMPLETE
91,0.8087457861648625,2026-09-21 14:54:23.217062,2026-09-21 14:54:25.127410,0 days 00:00:01.910348,0.3425019519476902,0.937344787961177,0.031588913230287285,5,3.829449279035483,250,0.006646290287805812,0.9902696144155905,,"{""colsample_bytree"": 0.3425019519476902, ""gamma"": 0.937344787961177, ""learning_rate"": 0.031588913230287285, ""max_depth"": 5, ""min_child_weight"": 3.829449279035483, ""n_estimators"": 250, ""reg_lambda"": 0.006646290287805812, ""subsample"": 0.9902696144155905}",COMPLETE
92,0.8090339266574318,2026-09-21 14:54:25.127454,2026-09-21 14:54:27.526099,0 days 00:00:02.398645,0.39239431666280383,0.9194262849901104,0.0308058791896802,5,3.507324751121078,400,0.0024930528338275894,0.9689465145627629,,"{""colsample_bytree"": 0.39239431666280383, ""gamma"": 0.9194262849901104, ""learning_rate"": 0.0308058791896802, ""max_depth"": 5, ""min_child_weight"": 3.507324751121078, ""n_estimators"": 400, ""reg_lambda"": 0.0024930528338275894, ""subsample"": 0.9689465145627629}",COMPLETE
93,0.8133916264219954,2026-09-21 14:54:27.526371,2026-09-21 14:54:29.685533,0 days 00:00:02.159162,0.6198740993274346,1.5978446210800634,0.03223459659105457,6,4.638229560518087,550,0.02590390968453662,0.9574276240791064,,"{""colsample_bytree"": 0.6198740993274346, ""gamma"": 1.5978446210800634, ""learning_rate"": 0.03223459659105457, ""max_depth"": 6, ""min_child_weight"": 4.638229560518087, ""n_estimators"": 550, ""reg_lambda"": 0.02590390968453662, ""subsample"": 0.9574276240791064}",COMPLETE
94,0.8109938889788489,2026-09-21 14:54:29.685583,2026-09-21 14:54:31.896746,0 days 00:00:02.211163,0.5875283343131084,0.9164270607244032,0.03791790031104452,6,4.216930508394269,500,0.012432035924942417,0.9929056785472283,,"{""colsample_bytree"": 0.5875283343131084, ""gamma"": 0.9164270607244032, ""learning_rate"": 0.03791790031104452, ""max_depth"": 6, ""min_child_weight"": 4.216930508394269, ""n_estimators"": 500, ""reg_lambda"": 0.012432035924942417, ""subsample"": 0.9929056785472283}",COMPLETE
95,0.8084400787525654,2026-09-21 14:54:31.896918,2026-09-21 14:54:33.553656,0 days 00:00:01.656738,0.3795355451353685,0.43184814356974405,0.021303907719552453,5,4.02587841423757,250,0.008581343132983952,0.9819307687424438,,"{""colsample_bytree"": 0.3795355451353685, ""gamma"": 0.43184814356974405, ""learning_rate"": 0.021303907719552453, ""max_depth"": 5, ""min_child_weight"": 4.02587841423757, ""n_estimators"": 250, ""reg_lambda"": 0.008581343132983952, ""subsample"": 0.9819307687424438}",COMPLETE
96,0.8136159558519678,2026-09-21 14:54:33.553948,2026-09-21 14:54:36.357694,0 days 00:00:02.803746,0.6420954019434953,2.5041631630281938,0.025508954152216913,7,5.661299676728423,450,0.09500782134776665,0.9821255560108549,,"{""colsample_bytree"": 0.6420954019434953, ""gamma"": 2.5041631630281938, ""learning_rate"": 0.025508954152216913, ""max_depth"": 7, ""min_child_weight"": 5.661299676728423, ""n_estimators"": 450, ""reg_lambda"": 0.09500782134776665, ""subsample"": 0.9821255560108549}",COMPLETE
97,0.8113213359357335,2026-09-21 14:54:36.357789,2026-09-21 14:54:39.159822,0 days 00:00:02.802033,0.6447914208967047,2.784310873397328,0.02272634672555892,7,6.313587902623117,400,0.079828125502936,0.9800657846579557,,"{""colsample_bytree"": 0.6447914208967047, ""gamma"": 2.784310873397328, ""learning_rate"": 0.02272634672555892, ""max_depth"": 7, ""min_child_weight"": 6.313587902623117, ""n_estimators"": 400, ""reg_lambda"": 0.079828125502936, ""subsample"": 0.9800657846579557}",COMPLETE
98,0.8131459132088003,2026-09-21 14:54:39.159909,2026-09-21 14:54:42.076858,0 days 00:00:02.916949,0.560297425699841,1.7559314164520061,0.0333810778287731,6,5.307776337175283,600,0.02767421485879143,0.9763021980455626,,"{""colsample_bytree"": 0.560297425699841, ""gamma"": 1.7559314164520061, ""learning_rate"": 0.0333810778287731, ""max_depth"": 6, ""min_child_weight"": 5.307776337175283, ""n_estimators"": 600, ""reg_lambda"": 0.02767421485879143, ""subsample"": 0.9763021980455626}",COMPLETE
99,0.8115850236480135,2026-09-21 14:54:42.077256,2026-09-21 14:54:45.794037,0 days 00:00:03.716781,0.595847976361241,1.0304374935541745,0.03390118398915734,6,4.718831411841177,550,0.011955720679222816,0.9424281956646587,,"{""colsample_bytree"": 0.595847976361241, ""gamma"": 1.0304374935541745, ""learning_rate"": 0.03390118398915734, ""max_depth"": 6, ""min_child_weight"": 4.718831411841177, ""n_estimators"": 550, ""reg_lambda"": 0.011955720679222816, ""subsample"": 0.9424281956646587}",COMPLETE
100,0.8124005351567776,2026-09-21 14:54:45.794230,2026-09-21 14:54:49.505213,0 days 00:00:03.710983,0.6799264578059013,0.8086045470598042,0.03022602547269444,6,5.882920390903594,500,0.01799188693102223,0.9526431574496133,,"{""colsample_bytree"": 0.6799264578059013, ""gamma"": 0.8086045470598042, ""learning_rate"": 0.03022602547269444, ""max_depth"": 6, ""min_child_weight"": 5.882920390903594, ""n_estimators"": 500, ""reg_lambda"": 0.01799188693102223, ""subsample"": 0.9526431574496133}",COMPLETE
101,0.8119150727243178,2026-09-21 14:54:49.505796,2026-09-21 14:54:52.245715,0 days 00:00:02.739919,0.6130320167725771,2.495553913489996,0.02505161016179087,6,5.743040234543504,450,0.07347012487332734,0.9692355845934555,,"{""colsample_bytree"": 0.6130320167725771, ""gamma"": 2.495553913489996, ""learning_rate"": 0.02505161016179087, ""max_depth"": 6, ""min_child_weight"": 5.743040234543504, ""n_estimators"": 450, ""reg_lambda"": 0.07347012487332734, ""subsample"": 0.9692355845934555}",COMPLETE
102,0.8110502211401455,2026-09-21 14:54:52.245903,2026-09-21 14:54:55.873438,0 days 00:00:03.627535,0.6526151161628313,1.2217255797099005,0.024989931388089116,6,4.3475841044670505,550,0.01206701080373445,0.9298023506138416,,"{""colsample_bytree"": 0.6526151161628313, ""gamma"": 1.2217255797099005, ""learning_rate"": 0.024989931388089116, ""max_depth"": 6, ""min_child_weight"": 4.3475841044670505, ""n_estimators"": 550, ""reg_lambda"": 0.01206701080373445, ""subsample"": 0.9298023506138416}",COMPLETE
103,0.8146549005733791,2026-09-21 14:54:55.873600,2026-09-21 14:54:58.996824,0 days 00:00:03.123224,0.6368303110599445,1.44330579115173,0.038568786216646965,6,4.97478448922046,600,0.031069527071948207,0.9335808579015327,,"{""colsample_bytree"": 0.6368303110599445, ""gamma"": 1.44330579115173, ""learning_rate"": 0.038568786216646965, ""max_depth"": 6, ""min_child_weight"": 4.97478448922046, ""n_estimators"": 600, ""reg_lambda"": 0.031069527071948207, ""subsample"": 0.9335808579015327}",COMPLETE
104,0.8129559186483661,2026-09-21 14:54:58.997184,2026-09-21 14:55:01.424821,0 days 00:00:02.427637,0.6222652682176036,1.4864840121005787,0.0280287986168391,6,4.214514043528996,400,0.026572529307038514,0.9460972567781352,,"{""colsample_bytree"": 0.6222652682176036, ""gamma"": 1.4864840121005787, ""learning_rate"": 0.0280287986168391, ""max_depth"": 6, ""min_child_weight"": 4.214514043528996, ""n_estimators"": 400, ""reg_lambda"": 0.026572529307038514, ""subsample"": 0.9460972567781352}",COMPLETE
105,0.8112078110129703,2026-09-21 14:55:01.425026,2026-09-21 14:55:04.575795,0 days 00:00:03.150769,0.6305433842381923,0.942230605493256,0.0392536244825449,6,5.2757509806869844,500,0.01709007656554532,0.9489342470973073,,"{""colsample_bytree"": 0.6305433842381923, ""gamma"": 0.942230605493256, ""learning_rate"": 0.0392536244825449, ""max_depth"": 6, ""min_child_weight"": 5.2757509806869844, ""n_estimators"": 500, ""reg_lambda"": 0.01709007656554532, ""subsample"": 0.9489342470973073}",COMPLETE
106,0.812386739486574,2026-09-21 14:55:04.576328,2026-09-21 14:55:06.974104,0 days 00:00:02.397776,0.6239686517699754,1.6112163021231054,0.026697793083053742,7,4.87373370562958,450,0.019455958757692376,0.9616617068284999,,"{""colsample_bytree"": 0.6239686517699754, ""gamma"": 1.6112163021231054, ""learning_rate"": 0.026697793083053742, ""max_depth"": 7, ""min_child_weight"": 4.87373370562958, ""n_estimators"": 450, ""reg_lambda"": 0.019455958757692376, ""subsample"": 0.9616617068284999}",COMPLETE
107,0.8085825071521577,2026-09-21 14:55:06.974186,2026-09-21 14:55:09.736971,0 days 00:00:02.762785,0.615795069554652,0.9789726422230083,0.0357443291049178,6,6.753597514294579,600,0.01533767580735594,0.962814537223329,,"{""colsample_bytree"": 0.615795069554652, ""gamma"": 0.9789726422230083, ""learning_rate"": 0.0357443291049178, ""max_depth"": 6, ""min_child_weight"": 6.753597514294579, ""n_estimators"": 600, ""reg_lambda"": 0.01533767580735594, ""subsample"": 0.962814537223329}",COMPLETE
108,0.8122535951710376,2026-09-21 14:55:09.737138,2026-09-21 14:55:13.229713,0 days 00:00:03.492575,0.6086081211927686,1.5471660593813357,0.030882251368619835,6,4.888705011355954,500,0.02311776303861127,0.9705053624683166,,"{""colsample_bytree"": 0.6086081211927686, ""gamma"": 1.5471660593813357, ""learning_rate"": 0.030882251368619835, ""max_depth"": 6, ""min_child_weight"": 4.888705011355954, ""n_estimators"": 500, ""reg_lambda"": 0.02311776303861127, ""subsample"": 0.9705053624683166}",COMPLETE
109,0.8111268448197121,2026-09-21 14:55:13.230858,2026-09-21 14:55:16.217213,0 days 00:00:02.986355,0.6558313244277707,1.157525455502642,0.033994032154743704,6,4.309557173441464,550,0.03492978873739755,0.938423169491736,,"{""colsample_bytree"": 0.6558313244277707, ""gamma"": 1.157525455502642, ""learning_rate"": 0.033994032154743704, ""max_depth"": 6, ""min_child_weight"": 4.309557173441464, ""n_estimators"": 550, ""reg_lambda"": 0.03492978873739755, ""subsample"": 0.938423169491736}",COMPLETE
110,0.8142964510570364,2026-09-21 14:55:16.218420,2026-09-21 14:55:18.718280,0 days 00:00:02.499860,0.6576697557790618,1.5630985055561155,0.03606421232513677,6,4.788560380798443,550,0.008515459066509277,0.9594753325106983,,"{""colsample_bytree"": 0.6576697557790618, ""gamma"": 1.5630985055561155, ""learning_rate"": 0.03606421232513677, ""max_depth"": 6, ""min_child_weight"": 4.788560380798443, ""n_estimators"": 550, ""reg_lambda"": 0.008515459066509277, ""subsample"": 0.9594753325106983}",COMPLETE
111,0.8123668819206031,2026-09-21 14:55:18.718472,2026-09-21 14:55:21.979129,0 days 00:00:03.260657,0.5994933652105375,1.2350691714132986,0.02832850353060513,6,3.791662891693792,550,0.020287071464338616,0.9405536292917651,,"{""colsample_bytree"": 0.5994933652105375, ""gamma"": 1.2350691714132986, ""learning_rate"": 0.02832850353060513, ""max_depth"": 6, ""min_child_weight"": 3.791662891693792, ""n_estimators"": 550, ""reg_lambda"": 0.020287071464338616, ""subsample"": 0.9405536292917651}",COMPLETE
112,0.8121133078166572,2026-09-21 14:55:21.979547,2026-09-21 14:55:24.681150,0 days 00:00:02.701603,0.5985053438186415,1.7912558635248081,0.02831822781118293,6,5.0159878885307,550,0.0302932955957571,0.9978050036331939,,"{""colsample_bytree"": 0.5985053438186415, ""gamma"": 1.7912558635248081, ""learning_rate"": 0.02831822781118293, ""max_depth"": 6, ""min_child_weight"": 5.0159878885307, ""n_estimators"": 550, ""reg_lambda"": 0.0302932955957571, ""subsample"": 0.9978050036331939}",COMPLETE
113,0.8125007327781646,2026-09-21 14:55:24.681320,2026-09-21 14:55:27.897072,0 days 00:00:03.215752,0.6339232027491307,1.5926834541637822,0.02164309576643285,6,5.477064761359408,450,0.024915401992471737,0.9398059071006156,,"{""colsample_bytree"": 0.6339232027491307, ""gamma"": 1.5926834541637822, ""learning_rate"": 0.02164309576643285, ""max_depth"": 6, ""min_child_weight"": 5.477064761359408, ""n_estimators"": 450, ""reg_lambda"": 0.024915401992471737, ""subsample"": 0.9398059071006156}",COMPLETE
114,0.8133306939900276,2026-09-21 14:55:27.897339,2026-09-21 14:55:30.840301,0 days 00:00:02.942962,0.6636946021875044,1.4743767747864676,0.03440534384094608,6,4.21455026403898,600,0.023155986501210996,0.9396869152943357,,"{""colsample_bytree"": 0.6636946021875044, ""gamma"": 1.4743767747864676, ""learning_rate"": 0.03440534384094608, ""max_depth"": 6, ""min_child_weight"": 4.21455026403898, ""n_estimators"": 600, ""reg_lambda"": 0.023155986501210996, ""subsample"": 0.9396869152943357}",COMPLETE
115,0.8128137426018579,2026-09-21 14:55:30.840512,2026-09-21 14:55:34.895260,0 days 00:00:04.054748,0.6238231060441136,1.4251545925892812,0.041737871181724166,6,3.915554224643071,600,0.025012117451168266,0.9035572564012068,,"{""colsample_bytree"": 0.6238231060441136, ""gamma"": 1.4251545925892812, ""learning_rate"": 0.041737871181724166, ""max_depth"": 6, ""min_child_weight"": 3.915554224643071, ""n_estimators"": 600, ""reg_lambda"": 0.025012117451168266, ""subsample"": 0.9035572564012068}",COMPLETE
116,0.8131500215645572,2026-09-21 14:55:34.895659,2026-09-21 14:55:39.654738,0 days 00:00:04.759079,0.4311588291038039,0.7338790782413328,0.01888927635709563,6,3.848339769828493,400,0.005672346337968986,0.9579409512370791,,"{""colsample_bytree"": 0.4311588291038039, ""gamma"": 0.7338790782413328, ""learning_rate"": 0.01888927635709563, ""max_depth"": 6, ""min_child_weight"": 3.848339769828493, ""n_estimators"": 400, ""reg_lambda"": 0.005672346337968986, ""subsample"": 0.9579409512370791}",COMPLETE
117,0.8101815795586603,2026-09-21 14:55:39.655449,2026-09-21 14:55:43.028640,0 days 00:00:03.373191,0.6097712509034134,1.3277769843818037,0.029564887391660417,6,5.821106594015598,500,0.03420978655644728,0.9058954649189841,,"{""colsample_bytree"": 0.6097712509034134, ""gamma"": 1.3277769843818037, ""learning_rate"": 0.029564887391660417, ""max_depth"": 6, ""min_child_weight"": 5.821106594015598, ""n_estimators"": 500, ""reg_lambda"": 0.03420978655644728, ""subsample"": 0.9058954649189841}",COMPLETE
118,0.8111141121568343,2026-09-21 14:55:43.029181,2026-09-21 14:55:46.324562,0 days 00:00:03.295381,0.6362326800391461,1.473530089630071,0.03664655862351159,6,4.253842008876432,650,0.016870391218790075,0.9484670116458769,,"{""colsample_bytree"": 0.6362326800391461, ""gamma"": 1.473530089630071, ""learning_rate"": 0.03664655862351159, ""max_depth"": 6, ""min_child_weight"": 4.253842008876432, ""n_estimators"": 650, ""reg_lambda"": 0.016870391218790075, ""subsample"": 0.9484670116458769}",COMPLETE
119,0.8120262766818407,2026-09-21 14:55:46.324986,2026-09-21 14:55:49.414242,0 days 00:00:03.089256,0.6215367147524207,1.3935681312336126,0.02944511063320361,6,4.1087782034930935,550,0.03964974467869324,0.9239125292379857,,"{""colsample_bytree"": 0.6215367147524207, ""gamma"": 1.3935681312336126, ""learning_rate"": 0.02944511063320361, ""max_depth"": 6, ""min_child_weight"": 4.1087782034930935, ""n_estimators"": 550, ""reg_lambda"": 0.03964974467869324, ""subsample"": 0.9239125292379857}",COMPLETE
120,0.8126372568728076,2026-09-21 14:55:49.414418,2026-09-21 14:55:51.847037,0 days 00:00:02.432619,0.7134174833076107,1.3855413096366123,0.04313648428074763,6,3.550383947229813,550,0.016698677525329324,0.9835151085716224,,"{""colsample_bytree"": 0.7134174833076107, ""gamma"": 1.3855413096366123, ""learning_rate"": 0.04313648428074763, ""max_depth"": 6, ""min_child_weight"": 3.550383947229813, ""n_estimators"": 550, ""reg_lambda"": 0.016698677525329324, ""subsample"": 0.9835151085716224}",COMPLETE
121,0.8123875334368467,2026-09-21 14:55:51.847802,2026-09-21 14:55:55.150724,0 days 00:00:03.302922,0.6597894522942702,2.152913205793521,0.02202911085088557,7,4.958467238746631,500,0.11228483045349531,0.9606670353841145,,"{""colsample_bytree"": 0.6597894522942702, ""gamma"": 2.152913205793521, ""learning_rate"": 0.02202911085088557, ""max_depth"": 7, ""min_child_weight"": 4.958467238746631, ""n_estimators"": 500, ""reg_lambda"": 0.11228483045349531, ""subsample"": 0.9606670353841145}",COMPLETE
122,0.8126247053859533,2026-09-21 14:55:55.150920,2026-09-21 14:55:57.538039,0 days 00:00:02.387119,0.6733324959211648,1.5675169181002186,0.03839477789166121,6,4.966408334726415,500,0.023275707749822967,0.9287461294747164,,"{""colsample_bytree"": 0.6733324959211648, ""gamma"": 1.5675169181002186, ""learning_rate"": 0.03839477789166121, ""max_depth"": 6, ""min_child_weight"": 4.966408334726415, ""n_estimators"": 500, ""reg_lambda"": 0.023275707749822967, ""subsample"": 0.9287461294747164}",COMPLETE
123,0.8101913042922767,2026-09-21 14:55:57.538118,2026-09-21 14:56:01.971544,0 days 00:00:04.433426,0.6951736965274147,1.2995799504172882,0.03862806118063503,6,5.472014771282944,600,0.04602971992359168,0.9272115199337974,,"{""colsample_bytree"": 0.6951736965274147, ""gamma"": 1.2995799504172882, ""learning_rate"": 0.03862806118063503, ""max_depth"": 6, ""min_child_weight"": 5.472014771282944, ""n_estimators"": 600, ""reg_lambda"": 0.04602971992359168, ""subsample"": 0.9272115199337974}",COMPLETE
124,0.8115852564271243,2026-09-21 14:56:01.972356,2026-09-21 14:56:05.302696,0 days 00:00:03.330340,0.7181873786228402,1.5120141295655283,0.03682830741649457,6,5.022151081816793,550,0.00986055681709448,0.9203612978375728,,"{""colsample_bytree"": 0.7181873786228402, ""gamma"": 1.5120141295655283, ""learning_rate"": 0.03682830741649457, ""max_depth"": 6, ""min_child_weight"": 5.022151081816793, ""n_estimators"": 550, ""reg_lambda"": 0.00986055681709448, ""subsample"": 0.9203612978375728}",COMPLETE
125,0.8139564032093582,2026-09-21 14:56:05.302925,2026-09-21 14:56:08.136653,0 days 00:00:02.833728,0.6882689277001012,1.3340476019599534,0.035130122602749024,6,3.939538988071868,600,0.02761590483937891,0.9559965345263869,,"{""colsample_bytree"": 0.6882689277001012, ""gamma"": 1.3340476019599534, ""learning_rate"": 0.035130122602749024, ""max_depth"": 6, ""min_child_weight"": 3.939538988071868, ""n_estimators"": 600, ""reg_lambda"": 0.02761590483937891, ""subsample"": 0.9559965345263869}",COMPLETE
126,0.8125759139280486,2026-09-21 14:56:08.136882,2026-09-21 14:56:11.058211,0 days 00:00:02.921329,0.5876124041501514,1.658573176734817,0.028409537419640363,6,5.036097844859776,600,0.025409296602355386,0.9540046522670202,,"{""colsample_bytree"": 0.5876124041501514, ""gamma"": 1.658573176734817, ""learning_rate"": 0.028409537419640363, ""max_depth"": 6, ""min_child_weight"": 5.036097844859776, ""n_estimators"": 600, ""reg_lambda"": 0.025409296602355386, ""subsample"": 0.9540046522670202}",COMPLETE
127,0.814324667097063,2026-09-21 14:56:11.058465,2026-09-21 14:56:13.473936,0 days 00:00:02.415471,0.6881911375241738,1.6703512748075164,0.03162454067688789,6,4.746910784050147,550,0.017748772426708765,0.9977062558342752,,"{""colsample_bytree"": 0.6881911375241738, ""gamma"": 1.6703512748075164, ""learning_rate"": 0.03162454067688789, ""max_depth"": 6, ""min_child_weight"": 4.746910784050147, ""n_estimators"": 550, ""reg_lambda"": 0.017748772426708765, ""subsample"": 0.9977062558342752}",COMPLETE
128,0.8137776100544472,2026-09-21 14:56:13.474114,2026-09-21 14:56:16.329385,0 days 00:00:02.855271,0.6613601734085939,1.5656181921196617,0.027633848783099216,6,4.464525815592743,600,0.019644574882186443,0.9783484938494889,,"{""colsample_bytree"": 0.6613601734085939, ""gamma"": 1.5656181921196617, ""learning_rate"": 0.027633848783099216, ""max_depth"": 6, ""min_child_weight"": 4.464525815592743, ""n_estimators"": 600, ""reg_lambda"": 0.019644574882186443, ""subsample"": 0.9783484938494889}",COMPLETE
129,0.8117987669667637,2026-09-21 14:56:16.329906,2026-09-21 14:56:19.557406,0 days 00:00:03.227500,0.6757075975873782,1.124253023568568,0.03852287783010173,6,4.506612944039675,550,0.01520374956303475,0.9913566254719062,,"{""colsample_bytree"": 0.6757075975873782, ""gamma"": 1.124253023568568, ""learning_rate"": 0.03852287783010173, ""max_depth"": 6, ""min_child_weight"": 4.506612944039675, ""n_estimators"": 550, ""reg_lambda"": 0.01520374956303475, ""subsample"": 0.9913566254719062}",COMPLETE
130,0.8111302633374132,2026-09-21 14:56:19.557736,2026-09-21 14:56:22.181026,0 days 00:00:02.623290,0.6288822760227178,1.6708641632599281,0.03601009855080414,6,5.1572531779981325,650,0.017479000036674963,0.9511155132931607,,"{""colsample_bytree"": 0.6288822760227178, ""gamma"": 1.6708641632599281, ""learning_rate"": 0.03601009855080414, ""max_depth"": 6, ""min_child_weight"": 5.1572531779981325, ""n_estimators"": 650, ""reg_lambda"": 0.017479000036674963, ""subsample"": 0.9511155132931607}",COMPLETE
131,0.812057514835046,2026-09-21 14:56:22.181233,2026-09-21 14:56:25.236268,0 days 00:00:03.055035,0.6919341443343063,1.4216737325141258,0.028011052563775625,6,4.26888470090628,650,0.008470841964462987,0.9611035154631589,,"{""colsample_bytree"": 0.6919341443343063, ""gamma"": 1.4216737325141258, ""learning_rate"": 0.028011052563775625, ""max_depth"": 6, ""min_child_weight"": 4.26888470090628, ""n_estimators"": 650, ""reg_lambda"": 0.008470841964462987, ""subsample"": 0.9611035154631589}",COMPLETE
132,0.8127145078908431,2026-09-21 14:56:25.236445,2026-09-21 14:56:28.283688,0 days 00:00:03.047243,0.6624724873988542,2.4659261995146458,0.028461734161500322,7,5.04008516554179,450,0.09929345822991925,0.9797871572688444,,"{""colsample_bytree"": 0.6624724873988542, ""gamma"": 2.4659261995146458, ""learning_rate"": 0.028461734161500322, ""max_depth"": 7, ""min_child_weight"": 5.04008516554179, ""n_estimators"": 450, ""reg_lambda"": 0.09929345822991925, ""subsample"": 0.9797871572688444}",COMPLETE
